<?xml version="1.0" encoding="UTF-8"?>
<testsuite xmlns:xsi="http://www.w3.org/2001/XMLSchema-instance" xsi:noNamespaceSchemaLocation="https://maven.apache.org/surefire/maven-surefire-plugin/xsd/surefire-test-report-3.0.xsd" version="3.0" name="demo.chess.definitions.moves.test.impl.MateNotRecognizedTest" time="0.78" tests="1" errors="0" skipped="0" failures="0">
  <properties>
    <property name="java.specification.version" value="17"/>
    <property name="sun.jnu.encoding" value="UTF-8"/>
    <property name="java.class.path" value="/home/ro/git/chess/target/test-classes:/home/ro/git/chess/target/classes:/home/ro/.m2/repository/template/spring-annotation-context-initializer-template/0.0.1-SNAPSHOT/spring-annotation-context-initializer-template-0.0.1-SNAPSHOT.jar:/home/ro/.m2/repository/junit/junit/4.13.2/junit-4.13.2.jar:/home/ro/.m2/repository/org/hamcrest/hamcrest-core/1.3/hamcrest-core-1.3.jar:/home/ro/.m2/repository/org/springframework/spring-core/6.0.3/spring-core-6.0.3.jar:/home/ro/.m2/repository/org/springframework/spring-jcl/6.0.3/spring-jcl-6.0.3.jar:/home/ro/.m2/repository/org/springframework/spring-context/6.0.3/spring-context-6.0.3.jar:/home/ro/.m2/repository/org/springframework/spring-aop/6.0.3/spring-aop-6.0.3.jar:/home/ro/.m2/repository/org/springframework/spring-expression/6.0.3/spring-expression-6.0.3.jar:/home/ro/.m2/repository/org/springframework/spring-beans/6.0.3/spring-beans-6.0.3.jar:/home/ro/.m2/repository/org/apache/logging/log4j/log4j-api/2.23.0/log4j-api-2.23.0.jar:/home/ro/.m2/repository/org/apache/logging/log4j/log4j-core/2.23.0/log4j-core-2.23.0.jar:/home/ro/.m2/repository/org/springframework/spring-webmvc/5.3.18/spring-webmvc-5.3.18.jar:/home/ro/.m2/repository/org/springframework/spring-web/5.3.18/spring-web-5.3.18.jar:/home/ro/.m2/repository/javax/servlet/javax.servlet-api/4.0.1/javax.servlet-api-4.0.1.jar:/home/ro/.m2/repository/javax/servlet/jsp/jstl/javax.servlet.jsp.jstl-api/1.2.1/javax.servlet.jsp.jstl-api-1.2.1.jar:/home/ro/.m2/repository/org/glassfish/web/javax.servlet.jsp.jstl/1.2.5/javax.servlet.jsp.jstl-1.2.5.jar:/home/ro/.m2/repository/javax/servlet/jsp/jstl/jstl-api/1.2/jstl-api-1.2.jar:/home/ro/.m2/repository/javax/servlet/servlet-api/2.5/servlet-api-2.5.jar:/home/ro/.m2/repository/javax/servlet/jsp/jsp-api/2.1/jsp-api-2.1.jar:/home/ro/.m2/repository/xalan/xalan/2.7.2/xalan-2.7.2.jar:/home/ro/.m2/repository/xalan/serializer/2.7.2/serializer-2.7.2.jar:/home/ro/.m2/repository/xml-apis/xml-apis/1.3.04/xml-apis-1.3.04.jar:/home/ro/.m2/repository/org/apache/tomcat/embed/tomcat-embed-core/9.0.41/tomcat-embed-core-9.0.41.jar:/home/ro/.m2/repository/org/apache/tomcat/tomcat-annotations-api/9.0.41/tomcat-annotations-api-9.0.41.jar:/home/ro/.m2/repository/org/apache/tomcat/embed/tomcat-embed-jasper/9.0.41/tomcat-embed-jasper-9.0.41.jar:/home/ro/.m2/repository/org/apache/tomcat/embed/tomcat-embed-el/9.0.41/tomcat-embed-el-9.0.41.jar:/home/ro/.m2/repository/org/eclipse/jdt/ecj/3.18.0/ecj-3.18.0.jar:/home/ro/.m2/repository/org/apache/tomcat/embed/tomcat-embed-websocket/9.0.41/tomcat-embed-websocket-9.0.41.jar:/home/ro/.m2/repository/org/apache/commons/commons-lang3/3.12.0/commons-lang3-3.12.0.jar:"/>
    <property name="java.vm.vendor" value="Oracle Corporation"/>
    <property name="sun.arch.data.model" value="64"/>
    <property name="java.vendor.url" value="https://java.oracle.com/"/>
    <property name="os.name" value="Linux"/>
    <property name="java.vm.specification.version" value="17"/>
    <property name="sun.java.launcher" value="SUN_STANDARD"/>
    <property name="user.country" value="DE"/>
    <property name="sun.boot.library.path" value="/opt/openjdk-17/lib"/>
    <property name="sun.java.command" value="/home/ro/git/chess/target/surefire/surefirebooter-20241005002246280_3.jar /home/ro/git/chess/target/surefire 2024-10-05T00-22-46_199-jvmRun1 surefire-20241005002246280_1tmp surefire_0-20241005002246280_2tmp"/>
    <property name="jdk.debug" value="release"/>
    <property name="surefire.test.class.path" value="/home/ro/git/chess/target/test-classes:/home/ro/git/chess/target/classes:/home/ro/.m2/repository/template/spring-annotation-context-initializer-template/0.0.1-SNAPSHOT/spring-annotation-context-initializer-template-0.0.1-SNAPSHOT.jar:/home/ro/.m2/repository/junit/junit/4.13.2/junit-4.13.2.jar:/home/ro/.m2/repository/org/hamcrest/hamcrest-core/1.3/hamcrest-core-1.3.jar:/home/ro/.m2/repository/org/springframework/spring-core/6.0.3/spring-core-6.0.3.jar:/home/ro/.m2/repository/org/springframework/spring-jcl/6.0.3/spring-jcl-6.0.3.jar:/home/ro/.m2/repository/org/springframework/spring-context/6.0.3/spring-context-6.0.3.jar:/home/ro/.m2/repository/org/springframework/spring-aop/6.0.3/spring-aop-6.0.3.jar:/home/ro/.m2/repository/org/springframework/spring-expression/6.0.3/spring-expression-6.0.3.jar:/home/ro/.m2/repository/org/springframework/spring-beans/6.0.3/spring-beans-6.0.3.jar:/home/ro/.m2/repository/org/apache/logging/log4j/log4j-api/2.23.0/log4j-api-2.23.0.jar:/home/ro/.m2/repository/org/apache/logging/log4j/log4j-core/2.23.0/log4j-core-2.23.0.jar:/home/ro/.m2/repository/org/springframework/spring-webmvc/5.3.18/spring-webmvc-5.3.18.jar:/home/ro/.m2/repository/org/springframework/spring-web/5.3.18/spring-web-5.3.18.jar:/home/ro/.m2/repository/javax/servlet/javax.servlet-api/4.0.1/javax.servlet-api-4.0.1.jar:/home/ro/.m2/repository/javax/servlet/jsp/jstl/javax.servlet.jsp.jstl-api/1.2.1/javax.servlet.jsp.jstl-api-1.2.1.jar:/home/ro/.m2/repository/org/glassfish/web/javax.servlet.jsp.jstl/1.2.5/javax.servlet.jsp.jstl-1.2.5.jar:/home/ro/.m2/repository/javax/servlet/jsp/jstl/jstl-api/1.2/jstl-api-1.2.jar:/home/ro/.m2/repository/javax/servlet/servlet-api/2.5/servlet-api-2.5.jar:/home/ro/.m2/repository/javax/servlet/jsp/jsp-api/2.1/jsp-api-2.1.jar:/home/ro/.m2/repository/xalan/xalan/2.7.2/xalan-2.7.2.jar:/home/ro/.m2/repository/xalan/serializer/2.7.2/serializer-2.7.2.jar:/home/ro/.m2/repository/xml-apis/xml-apis/1.3.04/xml-apis-1.3.04.jar:/home/ro/.m2/repository/org/apache/tomcat/embed/tomcat-embed-core/9.0.41/tomcat-embed-core-9.0.41.jar:/home/ro/.m2/repository/org/apache/tomcat/tomcat-annotations-api/9.0.41/tomcat-annotations-api-9.0.41.jar:/home/ro/.m2/repository/org/apache/tomcat/embed/tomcat-embed-jasper/9.0.41/tomcat-embed-jasper-9.0.41.jar:/home/ro/.m2/repository/org/apache/tomcat/embed/tomcat-embed-el/9.0.41/tomcat-embed-el-9.0.41.jar:/home/ro/.m2/repository/org/eclipse/jdt/ecj/3.18.0/ecj-3.18.0.jar:/home/ro/.m2/repository/org/apache/tomcat/embed/tomcat-embed-websocket/9.0.41/tomcat-embed-websocket-9.0.41.jar:/home/ro/.m2/repository/org/apache/commons/commons-lang3/3.12.0/commons-lang3-3.12.0.jar:"/>
    <property name="sun.cpu.endian" value="little"/>
    <property name="user.home" value="/home/ro"/>
    <property name="user.language" value="de"/>
    <property name="java.specification.vendor" value="Oracle Corporation"/>
    <property name="java.version.date" value="2021-09-14"/>
    <property name="java.home" value="/opt/openjdk-17"/>
    <property name="file.separator" value="/"/>
    <property name="basedir" value="/home/ro/git/chess"/>
    <property name="java.vm.compressedOopsMode" value="Zero based"/>
    <property name="line.separator" value="&#10;"/>
    <property name="java.vm.specification.vendor" value="Oracle Corporation"/>
    <property name="java.specification.name" value="Java Platform API Specification"/>
    <property name="surefire.real.class.path" value="/home/ro/git/chess/target/surefire/surefirebooter-20241005002246280_3.jar"/>
    <property name="sun.management.compiler" value="HotSpot 64-Bit Tiered Compilers"/>
    <property name="java.runtime.version" value="17+35-2724"/>
    <property name="user.name" value="ro"/>
    <property name="path.separator" value=":"/>
    <property name="os.version" value="6.8.0-45-generic"/>
    <property name="java.runtime.name" value="OpenJDK Runtime Environment"/>
    <property name="file.encoding" value="UTF-8"/>
    <property name="java.vm.name" value="OpenJDK 64-Bit Server VM"/>
    <property name="localRepository" value="/home/ro/.m2/repository"/>
    <property name="java.vendor.url.bug" value="https://bugreport.java.com/bugreport/"/>
    <property name="java.io.tmpdir" value="/tmp"/>
    <property name="java.version" value="17"/>
    <property name="user.dir" value="/home/ro/git/chess"/>
    <property name="os.arch" value="amd64"/>
    <property name="java.vm.specification.name" value="Java Virtual Machine Specification"/>
    <property name="native.encoding" value="UTF-8"/>
    <property name="java.library.path" value="/usr/java/packages/lib:/usr/lib64:/lib64:/lib:/usr/lib"/>
    <property name="java.vm.info" value="mixed mode, sharing"/>
    <property name="java.vendor" value="Oracle Corporation"/>
    <property name="java.vm.version" value="17+35-2724"/>
    <property name="sun.io.unicode.encoding" value="UnicodeLittle"/>
    <property name="java.class.version" value="61.0"/>
  </properties>
  <testcase name="testMate" classname="demo.chess.definitions.moves.test.impl.MateNotRecognizedTest" time="0.338">
    <system-out><![CDATA[00:22:46.699 [main] INFO  template.annotation.initializer.SpringAnnotationContextInitializer - applicationContext org.springframework.context.annotation.AnnotationConfigApplicationContext@248e319b scanning in definitions..*
00:22:46.744 [main] INFO  template.annotation.initializer.SpringAnnotationContextInitializer - applicationContext org.springframework.context.annotation.AnnotationConfigApplicationContext@248e319b refreshing
00:22:46.866 [main] INFO  template.annotation.initializer.SpringAnnotationContextInitializer - Beans we are aware of:
00:22:46.867 [main] INFO  template.annotation.initializer.SpringAnnotationContextInitializer - bean org.springframework.context.annotation.internalConfigurationAnnotationProcessor
00:22:46.867 [main] INFO  template.annotation.initializer.SpringAnnotationContextInitializer - bean org.springframework.context.annotation.internalAutowiredAnnotationProcessor
00:22:46.867 [main] INFO  template.annotation.initializer.SpringAnnotationContextInitializer - bean org.springframework.context.annotation.internalJsr250AnnotationProcessor
00:22:46.867 [main] INFO  template.annotation.initializer.SpringAnnotationContextInitializer - bean org.springframework.context.event.internalEventListenerProcessor
00:22:46.867 [main] INFO  template.annotation.initializer.SpringAnnotationContextInitializer - bean org.springframework.context.event.internalEventListenerFactory
00:22:46.867 [main] INFO  template.annotation.initializer.SpringAnnotationContextInitializer - bean chessAdmin
00:22:46.867 [main] INFO  template.annotation.initializer.SpringAnnotationContextInitializer - bean chessGame
00:22:46.867 [main] INFO  template.annotation.initializer.SpringAnnotationContextInitializer - bean simulation
00:22:46.867 [main] INFO  template.annotation.initializer.SpringAnnotationContextInitializer - bean evaluationEngine
00:22:46.867 [main] INFO  template.annotation.initializer.SpringAnnotationContextInitializer - bean environment
00:22:46.867 [main] INFO  template.annotation.initializer.SpringAnnotationContextInitializer - bean systemProperties
00:22:46.867 [main] INFO  template.annotation.initializer.SpringAnnotationContextInitializer - bean systemEnvironment
00:22:46.868 [main] INFO  template.annotation.initializer.SpringAnnotationContextInitializer - bean applicationStartup
00:22:46.868 [main] INFO  template.annotation.initializer.SpringAnnotationContextInitializer - bean org.springframework.context.annotation.ConfigurationClassPostProcessor.importRegistry
00:22:46.868 [main] INFO  template.annotation.initializer.SpringAnnotationContextInitializer - bean messageSource
00:22:46.868 [main] INFO  template.annotation.initializer.SpringAnnotationContextInitializer - bean applicationEventMulticaster
00:22:46.868 [main] INFO  template.annotation.initializer.SpringAnnotationContextInitializer - bean lifecycleProcessor
00:22:46.888 [pool-3-thread-1] INFO  demo.chess.definitions.clocks.impl.ChessClock - targetTimeMillis: 0, incrementTotal: 0, this.getTime(): 0, super.getTime(): 0
00:22:46.888 [pool-4-thread-1] INFO  demo.chess.definitions.clocks.impl.ChessClock - targetTimeMillis: 0, incrementTotal: 0, this.getTime(): 0, super.getTime(): 0
00:22:47.204 [main] DEBUG demo.chess.definitions.moves.test.impl.MateNotRecognizedTest - Sequence [e2e4, g8f6, d2d4, b8c6, e4e5, a7a6, d4d5, h7h6, b1c3, h8h7, g1f3, a8a7, f1c4, f6g8, c1f4, c6b8, f4g3, g8f6, c4b3, b8c6, e1g1, c6b8, e5f6, h7h8, d1d4, c7c5, d4c5, b7b6, c5d4, h8g8, f6e7, a7b7, e7d8r, e8e7, f1e1, e7d8, f3e5, d8e8, e5g6, e8d8, g6f8, b8c6, d4h4, g7g5, h4h6, c6e7, e1e7, a6a5, h6f6, a5a4, d5d6, g5g4] completed
]]></system-out>
  </testcase>
</testsuite>